
===== 1 sec ========
/Users/petar/Tonika-hg/src/pkg/http/aserver.go:59 (Mutex):
	4.249668e+08 ±(1.190078e+09)ns,	#(144),	?(7)

===== 1/100 sec ====
/Users/petar/Tonika-hg/src/cmd/tonika/main.go:87 (Mutex):
	1.941000e+06 ±(0.000000e+00)ns,	#(1),	?(0)
/Users/petar/Tonika-hg/src/pkg/core/dump.go:45 (Mutex):
	1.917000e+06 ±(0.000000e+00)ns,	#(1),	?(0)

===== 1/1000 sec ===
/Users/petar/Tonika-hg/src/pkg/http/aserver.go:65 (Mutex):
	6.103333e+05 ±(1.067655e+06)ns,	#(96),	?(0)
/Users/petar/Tonika-hg/src/pkg/fe/api-accept.go:117 (Mutex):
	3.810000e+05 ±(0.000000e+00)ns,	#(1),	?(0)
/Users/petar/Tonika-hg/src/pkg/core/core.go:131 (Mutex):
	3.590000e+05 ±(0.000000e+00)ns,	#(1),	?(0)
/Users/petar/Tonika-hg/src/pkg/fe/api-accept.go:116 (Mutex):
	2.730000e+05 ±(0.000000e+00)ns,	#(1),	?(0)
/Users/petar/Tonika-hg/src/pkg/http/aserverconn.go:60 (Mutex):
	2.087455e+05 ±(5.550222e+05)ns,	#(55),	?(0)
/Users/petar/Tonika-hg/src/pkg/http/aserver.go:57 (Mutex):
	1.274000e+05 ±(1.221880e+05)ns,	#(55),	?(0)
/Users/petar/Tonika-hg/src/pkg/http/aserverconn.go:107 (Mutex):
	1.096042e+05 ±(3.839794e+05)ns,	#(48),	?(0)

===== FAST =========
/Users/petar/Tonika-hg/src/pkg/http/aserver.go:63 (Mutex):
	9.245833e+04 ±(9.830500e+04)ns,	#(48),	?(0)
/Users/petar/Tonika-hg/src/pkg/vault/vault.go:77 (Mutex):
	8.800000e+04 ±(0.000000e+00)ns,	#(1),	?(0)
/Users/petar/Tonika-hg/src/pkg/compass/compass.go:102 (Mutex):
	8.600000e+04 ±(0.000000e+00)ns,	#(1),	?(0)
/Users/petar/Tonika-hg/src/pkg/dialer/dialer.go:123 (Mutex):
	8.300000e+04 ±(0.000000e+00)ns,	#(1),	?(0)
/Users/petar/Tonika-hg/src/pkg/http/aserver.go:155 (Mutex):
	8.157143e+04 ±(7.774107e+04)ns,	#(7),	?(0)
/Users/petar/Tonika-hg/src/pkg/core/dump.go:50 (Mutex):
	7.300000e+04 ±(0.000000e+00)ns,	#(1),	?(0)
/Users/petar/Tonika-hg/src/pkg/compass/compass.go:109 (Mutex):
	6.400000e+04 ±(0.000000e+00)ns,	#(1),	?(0)
/Users/petar/Tonika-hg/src/pkg/fe/fe.go:155 (Mutex):
	6.229167e+04 ±(1.107736e+05)ns,	#(48),	?(0)
/Users/petar/go/src/pkg/runtime/proc.c:141 (Mutex):
	6.110526e+04 ±(4.341343e+04)ns,	#(19),	?(0)
/Users/petar/Tonika-hg/src/pkg/dialer/dialer.go:81 (Mutex):
	5.900000e+04 ±(0.000000e+00)ns,	#(1),	?(0)
/Users/petar/Tonika-hg/src/pkg/http/aserver.go:176 (Mutex):
	5.842857e+04 ±(7.191633e+04)ns,	#(7),	?(0)
/Users/petar/Tonika-hg/src/pkg/http/aserver.go:153 (Mutex):
	5.237500e+04 ±(4.241149e+04)ns,	#(8),	?(0)
/Users/petar/Tonika-hg/src/pkg/http/aserver.go:95 (Mutex):
	5.000000e+04 ±(0.000000e+00)ns,	#(1),	?(0)
/Users/petar/Tonika-hg/src/pkg/fe/root.go:36 (Mutex):
	4.900000e+04 ±(0.000000e+00)ns,	#(1),	?(0)
/Users/petar/Tonika-hg/src/pkg/core/core.go:118 (Mutex):
	4.600000e+04 ±(0.000000e+00)ns,	#(1),	?(0)
/Users/petar/Tonika-hg/src/pkg/http/aserverconn.go:86 (Mutex):
	4.227083e+04 ±(3.258881e+04)ns,	#(48),	?(0)
/Users/petar/Tonika-hg/src/pkg/http/aserverconn.go:94 (Mutex):
	4.226042e+04 ±(5.127301e+04)ns,	#(96),	?(0)
/Users/petar/Tonika-hg/src/pkg/vault/vault.go:81 (Mutex):
	3.900000e+04 ±(0.000000e+00)ns,	#(1),	?(0)
/Users/petar/Tonika-hg/src/pkg/dialer/dialer.go:80 (Mutex):
	3.800000e+04 ±(0.000000e+00)ns,	#(1),	?(0)
/Users/petar/Tonika-hg/src/pkg/compass/compass.go:260 (Mutex):
	3.500000e+04 ±(0.000000e+00)ns,	#(1),	?(0)
/Users/petar/Tonika-hg/src/pkg/dialer/conn.go:160 (Mutex):
	3.291667e+04 ±(1.785338e+04)ns,	#(12),	?(0)
/Users/petar/Tonika-hg/src/pkg/vault/vault.go:65 (Mutex):
	3.100000e+04 ±(0.000000e+00)ns,	#(1),	?(0)
/Users/petar/Tonika-hg/src/pkg/core/core.go:154 (Mutex):
	3.000000e+04 ±(0.000000e+00)ns,	#(1),	?(0)
/Users/petar/Tonika-hg/src/pkg/dialer/conn.go:182 (Mutex):
	2.977778e+04 ±(4.982141e+04)ns,	#(9),	?(0)
/Users/petar/Tonika-hg/src/pkg/dialer/conn.go:168 (Mutex):
	2.711111e+04 ±(3.832737e+04)ns,	#(9),	?(0)
/Users/petar/Tonika-hg/src/pkg/fe/api-accept.go:104 (Mutex):
	2.500000e+04 ±(0.000000e+00)ns,	#(1),	?(0)
/Users/petar/Tonika-hg/src/pkg/fe/fe.go:88 (Mutex):
	2.500000e+04 ±(0.000000e+00)ns,	#(1),	?(0)
/Users/petar/Tonika-hg/src/pkg/fe/admin.go:87 (Mutex):
	2.400000e+04 ±(0.000000e+00)ns,	#(1),	?(0)
/Users/petar/Tonika-hg/src/pkg/core/dump.go:54 (Mutex):
	2.100000e+04 ±(0.000000e+00)ns,	#(1),	?(0)
/Users/petar/Tonika-hg/src/pkg/fe/api-accept.go:96 (Mutex):
	1.800000e+04 ±(0.000000e+00)ns,	#(1),	?(0)
/Users/petar/Tonika-hg/src/pkg/fe/api-live.go:35 (Mutex):
	1.640000e+04 ±(2.497999e+03)ns,	#(5),	?(0)
/Users/petar/Tonika-hg/src/pkg/core/core.go:156 (Mutex):
	1.600000e+04 ±(0.000000e+00)ns,	#(1),	?(0)
/Users/petar/Tonika-hg/src/pkg/dialer/tel.go:295 (Mutex):
	1.550000e+04 ±(1.350000e+04)ns,	#(2),	?(0)
/Users/petar/Tonika-hg/src/pkg/fe/accept.go:93 (Mutex):
	1.500000e+04 ±(0.000000e+00)ns,	#(1),	?(0)
/Users/petar/Tonika-hg/src/pkg/fe/api-accept.go:78 (Mutex):
	1.400000e+04 ±(0.000000e+00)ns,	#(1),	?(0)
/Users/petar/Tonika-hg/src/pkg/fe/api-accept.go:99 (Mutex):
	1.400000e+04 ±(0.000000e+00)ns,	#(1),	?(0)
/Users/petar/Tonika-hg/src/pkg/fe/api-accept.go:102 (Mutex):
	1.300000e+04 ±(0.000000e+00)ns,	#(1),	?(0)
/Users/petar/Tonika-hg/src/pkg/fe/admin.go:81 (Mutex):
	1.300000e+04 ±(0.000000e+00)ns,	#(1),	?(0)
/Users/petar/Tonika-hg/src/pkg/fe/api-accept.go:108 (Mutex):
	1.300000e+04 ±(0.000000e+00)ns,	#(1),	?(0)
/Users/petar/Tonika-hg/src/pkg/fe/admin.go:88 (Mutex):
	1.300000e+04 ±(2.345208e+03)ns,	#(4),	?(0)
/Users/petar/Tonika-hg/src/pkg/core/core.go:359 (Mutex):
	1.200000e+04 ±(0.000000e+00)ns,	#(1),	?(0)
/Users/petar/Tonika-hg/src/pkg/core/dump.go:73 (Mutex):
	1.000000e+04 ±(0.000000e+00)ns,	#(1),	?(0)
/Users/petar/Tonika-hg/src/pkg/dialer/tel.go:184 (Mutex):
	5.000000e+03 ±(0.000000e+00)ns,	#(1),	?(0)
/Users/petar/Tonika-hg/src/pkg/http/aserver.go:113 (Mutex):
	2.571429e+03 ±(2.321154e+03)ns,	#(7),	?(0)
/Users/petar/Tonika-hg/src/pkg/vault/watch.go:170 (Mutex):
	2.000000e+03 ±(0.000000e+00)ns,	#(1),	?(0)
/Users/petar/Tonika-hg/src/pkg/monitor/monitor.go:110 (Mutex):
	2.000000e+03 ±(0.000000e+00)ns,	#(1),	?(0)
/Users/petar/Tonika-hg/src/pkg/http/aclient.go:89 (Mutex):
	2.000000e+03 ±(0.000000e+00)ns,	#(1),	?(0)
/Users/petar/Tonika-hg/src/pkg/fe/fe.go:112 (Mutex):
	2.000000e+03 ±(0.000000e+00)ns,	#(2),	?(0)
/Users/petar/Tonika-hg/src/pkg/monitor/monitor.go:104 (Mutex):
	1.666667e+03 ±(4.714045e+02)ns,	#(3),	?(0)
/Users/petar/Tonika-hg/src/pkg/core/core.go:360 (Mutex):
	1.500000e+03 ±(5.000000e+02)ns,	#(2),	?(0)
/Users/petar/Tonika-hg/src/pkg/dialer/dump.go:103 (Mutex):
	1.000000e+03 ±(0.000000e+00)ns,	#(1),	?(0)
